0 info it worked if it ends with ok
1 verbose cli [ 'C:\\Program Files\\nodejs\\node.exe',
1 verbose cli   'C:\\Program Files\\nodejs\\node_modules\\npm\\bin\\npm-cli.js',
1 verbose cli   'run',
1 verbose cli   'compile' ]
2 info using npm@3.10.10
3 info using node@v6.10.3
4 verbose run-script [ 'precompile', 'compile', 'postcompile' ]
5 info lifecycle modelfaasdemo@1.0.0~precompile: modelfaasdemo@1.0.0
6 silly lifecycle modelfaasdemo@1.0.0~precompile: no script for precompile, continuing
7 info lifecycle modelfaasdemo@1.0.0~compile: modelfaasdemo@1.0.0
8 verbose lifecycle modelfaasdemo@1.0.0~compile: unsafe-perm in lifecycle true
9 verbose lifecycle modelfaasdemo@1.0.0~compile: PATH: C:\Program Files\nodejs\node_modules\npm\bin\node-gyp-bin;C:\Users\b0gx3\Documents\cpp\ModelFaaSDemo\node_modules\.bin;C:\Oracle12c\product\12.1.0\client_1\bin;C:\ProgramData\Oracle\Java\javapath;C:\Windows\system32;C:\Windows;C:\Windows\System32\Wbem;C:\Windows\System32\WindowsPowerShell\v1.0\;C:\Windows\System32\WindowsPowerShell\v1.0\;C:\Program Files\Git\cmd;C:\Program Files (x86)\Microsoft SQL Server\110\Tools\Binn\ManagementStudio\;C:\Program Files (x86)\Microsoft SQL Server\110\Tools\Binn\;C:\Program Files (x86)\Microsoft SQL Server\110\DTS\Binn\;C:\Windows\system32\config\systemprofile\.dnx\bin;C:\Program Files\Microsoft DNX\Dnvm\;C:\Program Files (x86)\Windows Kits\8.1\Windows Performance Toolkit\;C:\Program Files\Microsoft SQL Server\130\Tools\Binn\;C:\Program Files\SASHome2\Secure\ccme4;C:\Program Files\SASHome2\x86\Secure\ccme4;C:\Program Files\SASHome2\x86\SASFoundation\9.4\ets\sasexe;C:\Program Files\nodejs\;C:\Oracle12c\product\12.1.0\client_1\bin;C:\ProgramData\Oracle\Java\javapath;C:\Windows\system32;C:\Windows;C:\Windows\System32\Wbem;C:\Windows\System32\Windows PowerShell\v1.0\;C:\Program Files\Git\cmd;C:\Program Files (x86)\Microsoft SQL Server\110\Tools\Binn\ManagementStudio\;C:\Windows\system32\config\systemprofile\.dnx\bin;C:\Program Files\Microsoft SQL Server\130\Tools\Binn\;C:\Program Files\nodejs\;C:\Users\b0gx3\AppData\Local\Programs\Python\Python35\Scripts\;C:\Users\b0gx3\AppData\Local\Programs\Python\Python35\;C:\Users\b0gx3\AppData\Local\Programs\Python\Launcher\;C:\Users\b0gx3\.dnx\bin;C:\Program Files\Microsoft DNX\Dnvm\;C:\Program Files (x86)\Windows Kits\8.1\Windows Performance Toolkit\;C:\Program Files\SASHome2\Secure\ccme4;C:\Program Files\SASHome2\x86\SASFoundation\9.4\ets\sasexe;C:\Users\b0gx3\python;C:\Users\b0gx3\AppData\Roaming\npm;C:\Go\bin;C:\oracle\instantclient
10 verbose lifecycle modelfaasdemo@1.0.0~compile: CWD: C:\Users\b0gx3\Documents\cpp\ModelFaaSDemo
11 silly lifecycle modelfaasdemo@1.0.0~compile: Args: [ '/d /s /c', 'node-gyp rebuild' ]
12 silly lifecycle modelfaasdemo@1.0.0~compile: Returned: code: 1  signal: null
13 info lifecycle modelfaasdemo@1.0.0~compile: Failed to exec compile script
14 verbose stack Error: modelfaasdemo@1.0.0 compile: `node-gyp rebuild`
14 verbose stack Exit status 1
14 verbose stack     at EventEmitter.<anonymous> (C:\Program Files\nodejs\node_modules\npm\lib\utils\lifecycle.js:255:16)
14 verbose stack     at emitTwo (events.js:106:13)
14 verbose stack     at EventEmitter.emit (events.js:191:7)
14 verbose stack     at ChildProcess.<anonymous> (C:\Program Files\nodejs\node_modules\npm\lib\utils\spawn.js:40:14)
14 verbose stack     at emitTwo (events.js:106:13)
14 verbose stack     at ChildProcess.emit (events.js:191:7)
14 verbose stack     at maybeClose (internal/child_process.js:886:16)
14 verbose stack     at Process.ChildProcess._handle.onexit (internal/child_process.js:226:5)
15 verbose pkgid modelfaasdemo@1.0.0
16 verbose cwd C:\Users\b0gx3\Documents\cpp\ModelFaaSDemo
17 error Windows_NT 6.1.7601
18 error argv "C:\\Program Files\\nodejs\\node.exe" "C:\\Program Files\\nodejs\\node_modules\\npm\\bin\\npm-cli.js" "run" "compile"
19 error node v6.10.3
20 error npm  v3.10.10
21 error code ELIFECYCLE
22 error modelfaasdemo@1.0.0 compile: `node-gyp rebuild`
22 error Exit status 1
23 error Failed at the modelfaasdemo@1.0.0 compile script 'node-gyp rebuild'.
23 error Make sure you have the latest version of node.js and npm installed.
23 error If you do, this is most likely a problem with the modelfaasdemo package,
23 error not with npm itself.
23 error Tell the author that this fails on your system:
23 error     node-gyp rebuild
23 error You can get information on how to open an issue for this project with:
23 error     npm bugs modelfaasdemo
23 error Or if that isn't available, you can get their info via:
23 error     npm owner ls modelfaasdemo
23 error There is likely additional logging output above.
24 verbose exit [ 1, true ]
